<?xml version="1.0" encoding="UTF-8"?>
<!-- Generated by org.testng.reporters.JUnitXMLReporter -->
<testsuite hostname="Simba-PC" name="Default test" tests="4" failures="0" timestamp="22 Jun 2012 11:07:45 GMT" time="46.601" errors="0">
  <testcase name="Case1" time="4.77" classname="Case.One"/>
  <testcase name="Case2" time="17.961" classname="Case.One"/>
  <testcase name="Case3" time="2.56" classname="Case.One"/>
  <testcase name="Case4" time="16.214" classname="Case.One"/>
</testsuite> <!-- Default test -->
