<?xml version="1.0" encoding="UTF-8"?>
<testng-results skipped="0" failed="0" total="4" passed="4">
  <reporter-output>
  </reporter-output>
  <suite name="Default suite" duration-ms="46601" started-at="2012-06-22T11:06:59Z" finished-at="2012-06-22T11:07:45Z">
    <groups>
    </groups>
    <test name="Default test" duration-ms="46601" started-at="2012-06-22T11:06:59Z" finished-at="2012-06-22T11:07:45Z">
      <class name="Case.One">
        <test-method status="PASS" signature="setUp()[pri:0, instance:Case.One@13deb50e]" name="setUp" is-config="true" duration-ms="3788" started-at="2012-06-22T19:06:59Z" finished-at="2012-06-22T19:07:03Z">
          <reporter-output>
          </reporter-output>
        </test-method> <!-- setUp -->
        <test-method status="PASS" signature="Case1()[pri:0, instance:Case.One@13deb50e]" name="Case1" duration-ms="4770" started-at="2012-06-22T19:07:03Z" finished-at="2012-06-22T19:07:07Z">
          <reporter-output>
          </reporter-output>
        </test-method> <!-- Case1 -->
        <test-method status="PASS" signature="Case2()[pri:0, instance:Case.One@13deb50e]" name="Case2" duration-ms="17961" started-at="2012-06-22T19:07:07Z" finished-at="2012-06-22T19:07:25Z">
          <reporter-output>
          </reporter-output>
        </test-method> <!-- Case2 -->
        <test-method status="PASS" signature="Case3()[pri:0, instance:Case.One@13deb50e]" name="Case3" duration-ms="2560" started-at="2012-06-22T19:07:25Z" finished-at="2012-06-22T19:07:28Z">
          <reporter-output>
          </reporter-output>
        </test-method> <!-- Case3 -->
        <test-method status="PASS" signature="Case4()[pri:0, instance:Case.One@13deb50e]" name="Case4" duration-ms="16214" started-at="2012-06-22T19:07:28Z" finished-at="2012-06-22T19:07:44Z">
          <reporter-output>
          </reporter-output>
        </test-method> <!-- Case4 -->
        <test-method status="PASS" signature="tearDown()[pri:0, instance:Case.One@13deb50e]" name="tearDown" is-config="true" duration-ms="1280" started-at="2012-06-22T19:07:44Z" finished-at="2012-06-22T19:07:45Z">
          <reporter-output>
          </reporter-output>
        </test-method> <!-- tearDown -->
      </class> <!-- Case.One -->
    </test> <!-- Default test -->
  </suite> <!-- Default suite -->
</testng-results>
